2021-01-20 10:56:21,501 线程池爬取梨视频.py [line:23] INFO 抓取成功。。。开始解析数据。。。
2021-01-20 10:56:23,839 线程池爬取梨视频.py [line:65] INFO 正在下载视频: CES 2021上，英特尔 AMD和NVIDIA三巨头放了什么大招？。。。
2021-01-20 10:56:23,847 线程池爬取梨视频.py [line:65] INFO 正在下载视频: 俄罗斯开发咳嗽检测新冠APP，称准确性达80%。。。
2021-01-20 10:56:23,849 线程池爬取梨视频.py [line:71] INFO 下载Ok!!! CES 2021上，英特尔 AMD和NVIDIA三巨头放了什么大招？ 
2021-01-20 10:56:23,886 线程池爬取梨视频.py [line:71] INFO 下载Ok!!! 俄罗斯开发咳嗽检测新冠APP，称准确性达80% 
2021-01-20 10:56:24,197 线程池爬取梨视频.py [line:65] INFO 正在下载视频: 张小龙：超2亿人朋友圈设置仅三天可见， 有你吗。。。
2021-01-20 10:56:24,241 线程池爬取梨视频.py [line:71] INFO 下载Ok!!! 张小龙：超2亿人朋友圈设置仅三天可见， 有你吗 
2021-01-20 10:56:25,098 线程池爬取梨视频.py [line:65] INFO 正在下载视频: 张小龙：过几天的微信会有新表情，每天几千万人拍一拍。。。
2021-01-20 10:56:25,149 线程池爬取梨视频.py [line:71] INFO 下载Ok!!! 张小龙：过几天的微信会有新表情，每天几千万人拍一拍 
2021-01-20 10:57:13,377 线程池爬取梨视频.py [line:23] INFO 抓取成功。。。开始解析数据。。。
2021-01-20 10:57:15,428 线程池爬取梨视频.py [line:65] INFO 正在下载视频: CES 2021上，英特尔 AMD和NVIDIA三巨头放了什么大招？。。。
2021-01-20 10:57:15,433 线程池爬取梨视频.py [line:71] INFO 下载Ok!!! CES 2021上，英特尔 AMD和NVIDIA三巨头放了什么大招？ 
2021-01-20 10:57:15,697 线程池爬取梨视频.py [line:65] INFO 正在下载视频: 俄罗斯开发咳嗽检测新冠APP，称准确性达80%。。。
2021-01-20 10:57:15,703 线程池爬取梨视频.py [line:71] INFO 下载Ok!!! 俄罗斯开发咳嗽检测新冠APP，称准确性达80% 
2021-01-20 10:57:16,561 线程池爬取梨视频.py [line:65] INFO 正在下载视频: 张小龙：超2亿人朋友圈设置仅三天可见， 有你吗。。。
2021-01-20 10:57:16,605 线程池爬取梨视频.py [line:71] INFO 下载Ok!!! 张小龙：超2亿人朋友圈设置仅三天可见， 有你吗 
2021-01-20 10:57:16,933 线程池爬取梨视频.py [line:65] INFO 正在下载视频: 张小龙：过几天的微信会有新表情，每天几千万人拍一拍。。。
2021-01-20 10:57:16,992 线程池爬取梨视频.py [line:71] INFO 下载Ok!!! 张小龙：过几天的微信会有新表情，每天几千万人拍一拍 
2021-01-20 10:57:23,526 线程池爬取梨视频.py [line:23] INFO 抓取成功。。。开始解析数据。。。
2021-01-20 10:57:25,485 线程池爬取梨视频.py [line:65] INFO 正在下载视频: 俄罗斯开发咳嗽检测新冠APP，称准确性达80%。。。
2021-01-20 10:57:25,490 线程池爬取梨视频.py [line:71] INFO 下载Ok!!! 俄罗斯开发咳嗽检测新冠APP，称准确性达80% 
2021-01-20 10:57:25,956 线程池爬取梨视频.py [line:65] INFO 正在下载视频: CES 2021上，英特尔 AMD和NVIDIA三巨头放了什么大招？。。。
2021-01-20 10:57:25,960 线程池爬取梨视频.py [line:71] INFO 下载Ok!!! CES 2021上，英特尔 AMD和NVIDIA三巨头放了什么大招？ 
2021-01-20 10:57:26,626 线程池爬取梨视频.py [line:65] INFO 正在下载视频: 张小龙：超2亿人朋友圈设置仅三天可见， 有你吗。。。
2021-01-20 10:57:26,672 线程池爬取梨视频.py [line:71] INFO 下载Ok!!! 张小龙：超2亿人朋友圈设置仅三天可见， 有你吗 
2021-01-20 10:57:27,051 线程池爬取梨视频.py [line:65] INFO 正在下载视频: 张小龙：过几天的微信会有新表情，每天几千万人拍一拍。。。
2021-01-20 10:57:27,109 线程池爬取梨视频.py [line:71] INFO 下载Ok!!! 张小龙：过几天的微信会有新表情，每天几千万人拍一拍 
2021-01-20 15:27:17,038 线程池爬取梨视频.py [line:23] INFO 抓取成功。。。开始解析数据。。。
2021-01-20 15:27:19,539 线程池爬取梨视频.py [line:66] INFO 正在下载视频: CES 2021上，英特尔 AMD和NVIDIA三巨头放了什么大招？。。。
2021-01-20 15:27:19,694 线程池爬取梨视频.py [line:66] INFO 正在下载视频: 俄罗斯开发咳嗽检测新冠APP，称准确性达80%。。。
2021-01-20 15:27:20,843 线程池爬取梨视频.py [line:66] INFO 正在下载视频: 张小龙：超2亿人朋友圈设置仅三天可见， 有你吗。。。
2021-01-20 15:28:14,748 线程池爬取梨视频.py [line:66] INFO 正在下载视频: 张小龙：过几天的微信会有新表情，每天几千万人拍一拍。。。
2021-01-20 15:42:35,656 线程池爬取梨视频.py [line:23] INFO 抓取成功。。。开始解析数据。。。
2021-01-20 15:42:37,973 线程池爬取梨视频.py [line:66] INFO 正在下载视频: CES 2021上，英特尔 AMD和NVIDIA三巨头放了什么大招？。。。
2021-01-20 15:42:37,979 线程池爬取梨视频.py [line:72] INFO 下载Ok!!! CES 2021上，英特尔 AMD和NVIDIA三巨头放了什么大招？ 
2021-01-20 15:42:38,309 线程池爬取梨视频.py [line:66] INFO 正在下载视频: 俄罗斯开发咳嗽检测新冠APP，称准确性达80%。。。
2021-01-20 15:42:38,312 线程池爬取梨视频.py [line:72] INFO 下载Ok!!! 俄罗斯开发咳嗽检测新冠APP，称准确性达80% 
2021-01-20 15:42:39,929 线程池爬取梨视频.py [line:66] INFO 正在下载视频: 张小龙：超2亿人朋友圈设置仅三天可见， 有你吗。。。
2021-01-20 15:42:39,942 线程池爬取梨视频.py [line:72] INFO 下载Ok!!! 张小龙：超2亿人朋友圈设置仅三天可见， 有你吗 
2021-01-20 15:42:39,943 线程池爬取梨视频.py [line:66] INFO 正在下载视频: 张小龙：过几天的微信会有新表情，每天几千万人拍一拍。。。
2021-01-20 15:42:39,953 线程池爬取梨视频.py [line:72] INFO 下载Ok!!! 张小龙：过几天的微信会有新表情，每天几千万人拍一拍 
2021-01-20 15:43:15,667 线程池爬取梨视频.py [line:23] INFO 抓取成功。。。开始解析数据。。。
2021-01-20 15:43:17,801 线程池爬取梨视频.py [line:65] INFO 正在下载视频: CES 2021上，英特尔 AMD和NVIDIA三巨头放了什么大招？。。。
2021-01-20 15:43:17,807 线程池爬取梨视频.py [line:71] INFO 下载Ok!!! CES 2021上，英特尔 AMD和NVIDIA三巨头放了什么大招？ 
2021-01-20 15:43:18,883 线程池爬取梨视频.py [line:65] INFO 正在下载视频: 张小龙：超2亿人朋友圈设置仅三天可见， 有你吗。。。
2021-01-20 15:43:18,891 线程池爬取梨视频.py [line:71] INFO 下载Ok!!! 张小龙：超2亿人朋友圈设置仅三天可见， 有你吗 
2021-01-20 15:43:19,764 线程池爬取梨视频.py [line:65] INFO 正在下载视频: 张小龙：过几天的微信会有新表情，每天几千万人拍一拍。。。
2021-01-20 15:43:19,773 线程池爬取梨视频.py [line:71] INFO 下载Ok!!! 张小龙：过几天的微信会有新表情，每天几千万人拍一拍 
2021-01-20 15:43:24,089 线程池爬取梨视频.py [line:65] INFO 正在下载视频: 俄罗斯开发咳嗽检测新冠APP，称准确性达80%。。。
2021-01-20 15:43:24,095 线程池爬取梨视频.py [line:71] INFO 下载Ok!!! 俄罗斯开发咳嗽检测新冠APP，称准确性达80% 
